<?xml version="1.0" encoding="UTF-8"?>
<testsuites name="jest tests" tests="34" failures="0" errors="0" time="2.244">
  <testsuite name="src\libs\validation\validator.spec.ts" errors="0" failures="0" skipped="0" timestamp="2025-11-15T23:53:07" time="2.045" tests="34">
    <testcase classname="Validation Utilities › commonSchemas › email" name="should validate correct email" time="0.002" file="src\libs\validation\validator.spec.ts">
    </testcase>
    <testcase classname="Validation Utilities › commonSchemas › email" name="should reject invalid email" time="0" file="src\libs\validation\validator.spec.ts">
    </testcase>
    <testcase classname="Validation Utilities › commonSchemas › email" name="should reject email without domain" time="0" file="src\libs\validation\validator.spec.ts">
    </testcase>
    <testcase classname="Validation Utilities › commonSchemas › email" name="should reject email without @" time="0" file="src\libs\validation\validator.spec.ts">
    </testcase>
    <testcase classname="Validation Utilities › commonSchemas › uuid" name="should validate correct UUID" time="0" file="src\libs\validation\validator.spec.ts">
    </testcase>
    <testcase classname="Validation Utilities › commonSchemas › uuid" name="should reject invalid UUID" time="0.001" file="src\libs\validation\validator.spec.ts">
    </testcase>
    <testcase classname="Validation Utilities › commonSchemas › uuid" name="should reject UUID with wrong format" time="0" file="src\libs\validation\validator.spec.ts">
    </testcase>
    <testcase classname="Validation Utilities › commonSchemas › password" name="should validate strong password" time="0" file="src\libs\validation\validator.spec.ts">
    </testcase>
    <testcase classname="Validation Utilities › commonSchemas › password" name="should reject short password" time="0.001" file="src\libs\validation\validator.spec.ts">
    </testcase>
    <testcase classname="Validation Utilities › commonSchemas › password" name="should reject password without uppercase" time="0" file="src\libs\validation\validator.spec.ts">
    </testcase>
    <testcase classname="Validation Utilities › commonSchemas › password" name="should reject password without lowercase" time="0" file="src\libs\validation\validator.spec.ts">
    </testcase>
    <testcase classname="Validation Utilities › commonSchemas › password" name="should reject password without number" time="0" file="src\libs\validation\validator.spec.ts">
    </testcase>
    <testcase classname="Validation Utilities › commonSchemas › password" name="should reject password without special character" time="0" file="src\libs\validation\validator.spec.ts">
    </testcase>
    <testcase classname="Validation Utilities › commonSchemas › pagination" name="should parse valid pagination params" time="0.001" file="src\libs\validation\validator.spec.ts">
    </testcase>
    <testcase classname="Validation Utilities › commonSchemas › pagination" name="should use default values" time="0" file="src\libs\validation\validator.spec.ts">
    </testcase>
    <testcase classname="Validation Utilities › commonSchemas › pagination" name="should reject negative page" time="0" file="src\libs\validation\validator.spec.ts">
    </testcase>
    <testcase classname="Validation Utilities › commonSchemas › pagination" name="should reject zero page" time="0" file="src\libs\validation\validator.spec.ts">
    </testcase>
    <testcase classname="Validation Utilities › commonSchemas › pagination" name="should reject limit over 100" time="0.001" file="src\libs\validation\validator.spec.ts">
    </testcase>
    <testcase classname="Validation Utilities › commonSchemas › dateRange" name="should parse valid date range" time="0" file="src\libs\validation\validator.spec.ts">
    </testcase>
    <testcase classname="Validation Utilities › commonSchemas › dateRange" name="should reject invalid date format" time="0" file="src\libs\validation\validator.spec.ts">
    </testcase>
    <testcase classname="Validation Utilities › commonSchemas › search" name="should validate search query" time="0.001" file="src\libs\validation\validator.spec.ts">
    </testcase>
    <testcase classname="Validation Utilities › commonSchemas › search" name="should reject empty search query" time="0.004" file="src\libs\validation\validator.spec.ts">
    </testcase>
    <testcase classname="Validation Utilities › commonSchemas › search" name="should reject too long search query" time="0" file="src\libs\validation\validator.spec.ts">
    </testcase>
    <testcase classname="Validation Utilities › validate middleware" name="should validate request body and call next" time="0.001" file="src\libs\validation\validator.spec.ts">
    </testcase>
    <testcase classname="Validation Utilities › validate middleware" name="should validate query params" time="0.001" file="src\libs\validation\validator.spec.ts">
    </testcase>
    <testcase classname="Validation Utilities › validate middleware" name="should validate route params" time="0" file="src\libs\validation\validator.spec.ts">
    </testcase>
    <testcase classname="Validation Utilities › validate middleware" name="should call next with ValidationError for invalid data" time="0.001" file="src\libs\validation\validator.spec.ts">
    </testcase>
    <testcase classname="Validation Utilities › validate middleware" name="should include error details in ValidationError" time="0" file="src\libs\validation\validator.spec.ts">
    </testcase>
    <testcase classname="Validation Utilities › validateData" name="should validate and return data" time="0" file="src\libs\validation\validator.spec.ts">
    </testcase>
    <testcase classname="Validation Utilities › validateData" name="should throw ValidationError for invalid data" time="0.009" file="src\libs\validation\validator.spec.ts">
    </testcase>
    <testcase classname="Validation Utilities › validateData" name="should include field errors" time="0" file="src\libs\validation\validator.spec.ts">
    </testcase>
    <testcase classname="Validation Utilities › safeParse" name="should return success result for valid data" time="0" file="src\libs\validation\validator.spec.ts">
    </testcase>
    <testcase classname="Validation Utilities › safeParse" name="should return error result for invalid data" time="0" file="src\libs\validation\validator.spec.ts">
    </testcase>
    <testcase classname="Validation Utilities › safeParse" name="should include error details in failure result" time="0.001" file="src\libs\validation\validator.spec.ts">
    </testcase>
  </testsuite>
</testsuites>